	Exporter version: 4.6.1, Blender version: 2.78 (sub 0)
========= Conversion from Blender to Babylon.js =========
	Scene settings used:
		selected layers only:  false
		flat shading entire scene:  false
		inline textures:  false
		texture directory:  D:\BINUS\Semester 4\Computer Graphic\Blender\Sora\Babylon\
	Python World class constructor completed
	processing begun of skeleton:  Armature, id:  0
		processing begun of bone:  Bone, index:  0
		processing begun of bone:  Bone.001, index:  1
		processing begun of bone:  Bone.009, index:  2
		processing begun of bone:  Bone.007, index:  3
		processing begun of bone:  Bone.003, index:  4
		processing begun of bone:  Bone.002, index:  5
		processing begun of bone:  Bone.010, index:  6
		processing begun of bone:  Bone.008, index:  7
		processing begun of bone:  Bone.004, index:  8
		processing begun of bone:  Bone.017, index:  9
		processing begun of bone:  Bone.005, index:  10
		processing begun of bone:  Bone.011, index:  11
		processing begun of bone:  Bone.013, index:  12
		processing begun of bone:  Bone.015, index:  13
		processing begun of bone:  Bone.006, index:  14
		processing begun of bone:  Bone.012, index:  15
		processing begun of bone:  Bone.014, index:  16
		processing begun of bone:  Bone.016, index:  17
		processing action ArmatureAction:  in[0 - 20], out[0 - 20]
	processing begun of mesh:  DrawCall_0001
		processing begun of Standard material:  0e34ea0e_dds
			Ambient texture found "Ka.001"
				Image texture found, type:  ambientTexture, mapped using: "UVMap"
			Diffuse texture found "Kd.001"
				Image texture found, type:  diffuseTexture, mapped using: "UVMap"
			Opacity texture found "D.001"
				Image texture found, type:  opacityTexture, mapped using: "UVMap"
		processing begun of Standard material:  21d2de5f_dds
			Ambient texture found "Ka"
				Image texture found, type:  ambientTexture, mapped using: "UVMap"
			Diffuse texture found "Kd"
				Image texture found, type:  diffuseTexture, mapped using: "UVMap"
			Opacity texture found "D"
				Image texture found, type:  opacityTexture, mapped using: "UVMap"
		processing begun of Standard material:  114c6d47_dds
			Ambient texture found "Ka.002"
				Image texture found, type:  ambientTexture, mapped using: "UVMap"
			Diffuse texture found "Kd.002"
				Image texture found, type:  diffuseTexture, mapped using: "UVMap"
			Opacity texture found "D.002"
				Image texture found, type:  opacityTexture, mapped using: "UVMap"
		processing begun of multimaterial:  sora.Multimaterial#0
		num positions      :  3376
		num normals        :  3376
		num uvs            :  6752
		num uvs2           :  0
		num colors         :  13504
		num indices        :  8655
		Skeleton stats:  
			Total Influencers:  9948
			Avg # of influencers per vertex:  2.9467
			Highest # of influencers observed:  8, num vertices with this:  3
			exported as 8 influencers
			num skeletonWeights and skeletonIndices:  27008
	processing begun of camera (FreeCamera):  Camera
	processing begun of light (POINT):  Lamp
========= Writing of scene file started =========
========= Writing of scene file completed =========
========= end of processing =========
elapsed time:  0 min, 1.7081 secs
