Exporter version: 5.2.0, Blender version: 2.78 (sub 0)
========= Conversion from Blender to Babylon.js =========
	Scene settings used:
		selected layers only:  false
		flat shading entire scene:  false
		inline textures:  false
		texture directory:  C:\Users\Michael\Documents\College\Even Semester 2017\Computer Graphics\Project\Final Project\Object\ammunition\
	Python World class constructor completed
	processing begun of mesh:  Cylinder025
		processing begun of Standard material:  wire_088144225
		num positions      :  213
		num normals        :  213
		num uvs            :  426
		num uvs2           :  0
		num colors         :  0
		num indices        :  648
	processing begun of mesh:  Cylinder022
		registered as also a user of material:  wire_088144225
		num positions      :  213
		num normals        :  213
		num uvs            :  426
		num uvs2           :  0
		num colors         :  0
		num indices        :  648
	processing begun of mesh:  Object001
		registered as also a user of material:  wire_088144225
		num positions      :  25
		num normals        :  25
		num uvs            :  50
		num uvs2           :  0
		num colors         :  0
		num indices        :  30
	processing begun of mesh:  Cylinder029
		registered as also a user of material:  wire_088144225
		num positions      :  213
		num normals        :  213
		num uvs            :  426
		num uvs2           :  0
		num colors         :  0
		num indices        :  648
	processing begun of mesh:  Cylinder026
		registered as also a user of material:  wire_088144225
		num positions      :  213
		num normals        :  213
		num uvs            :  426
		num uvs2           :  0
		num colors         :  0
		num indices        :  648
	processing begun of mesh:  Cylinder001
		registered as also a user of material:  wire_088144225
		num positions      :  213
		num normals        :  213
		num uvs            :  426
		num uvs2           :  0
		num colors         :  0
		num indices        :  648
	processing begun of mesh:  Cylinder027
		registered as also a user of material:  wire_088144225
		num positions      :  213
		num normals        :  213
		num uvs            :  426
		num uvs2           :  0
		num colors         :  0
		num indices        :  648
	processing begun of mesh:  Cylinder015
		registered as also a user of material:  wire_088144225
		num positions      :  213
		num normals        :  213
		num uvs            :  426
		num uvs2           :  0
		num colors         :  0
		num indices        :  648
	processing begun of mesh:  Cylinder021
		registered as also a user of material:  wire_088144225
		num positions      :  213
		num normals        :  213
		num uvs            :  426
		num uvs2           :  0
		num colors         :  0
		num indices        :  648
	processing begun of mesh:  Box002
		processing begun of Standard material:  wire_198225087
		num positions      :  54
		num normals        :  54
		num uvs            :  108
		num uvs2           :  0
		num colors         :  0
		num indices        :  108
	processing begun of mesh:  Cylinder023
		registered as also a user of material:  wire_088144225
		num positions      :  213
		num normals        :  213
		num uvs            :  426
		num uvs2           :  0
		num colors         :  0
		num indices        :  648
	processing begun of mesh:  Cylinder024
		registered as also a user of material:  wire_088144225
		num positions      :  213
		num normals        :  213
		num uvs            :  426
		num uvs2           :  0
		num colors         :  0
		num indices        :  648
	processing begun of mesh:  Cylinder003
		registered as also a user of material:  wire_088144225
		num positions      :  213
		num normals        :  213
		num uvs            :  426
		num uvs2           :  0
		num colors         :  0
		num indices        :  648
	processing begun of mesh:  Cylinder019
		registered as also a user of material:  wire_088144225
		num positions      :  213
		num normals        :  213
		num uvs            :  426
		num uvs2           :  0
		num colors         :  0
		num indices        :  648
	processing begun of mesh:  Box001
		registered as also a user of material:  wire_088144225
		num positions      :  24
		num normals        :  24
		num uvs            :  48
		num uvs2           :  0
		num colors         :  0
		num indices        :  30
	processing begun of mesh:  Cylinder017
		registered as also a user of material:  wire_088144225
		num positions      :  213
		num normals        :  213
		num uvs            :  426
		num uvs2           :  0
		num colors         :  0
		num indices        :  648
	processing begun of mesh:  Cylinder002
		registered as also a user of material:  wire_088144225
		num positions      :  213
		num normals        :  213
		num uvs            :  426
		num uvs2           :  0
		num colors         :  0
		num indices        :  648
	processing begun of mesh:  Cylinder030
		registered as also a user of material:  wire_088144225
		num positions      :  213
		num normals        :  213
		num uvs            :  426
		num uvs2           :  0
		num colors         :  0
		num indices        :  648
	processing begun of mesh:  Cylinder028
		registered as also a user of material:  wire_088144225
		num positions      :  213
		num normals        :  213
		num uvs            :  426
		num uvs2           :  0
		num colors         :  0
		num indices        :  648
	processing begun of camera (FreeCamera):  Camera
	processing begun of light (POINT):  Lamp
========= Writing of scene file started =========
========= Writing of scene file completed =========
========= end of processing =========
elapsed time:  0 min, 0.3591 secs
