Exporter version: 5.2.0, Blender version: 2.78 (sub 0)
========= Conversion from Blender to Babylon.js =========
	Scene settings used:
		selected layers only:  false
		flat shading entire scene:  false
		inline textures:  false
		texture directory:  C:\Users\Michael\Documents\College\Even Semester 2017\Computer Graphics\Project\Final Project\Object\Farmhouse Maya 2016 Updated\
	Python World class constructor completed
	processing begun of mesh:  polySurface73
		processing begun of Standard material:  lambert13SG
			Diffuse texture found "Kd"
				Image texture found, type:  diffuseTexture, mapped using: "UVMap"
	WARNING: Error encountered processing image file:  , Error:  'C:\\Users\\Michael\\Documents\\College\\Even Semester 2017\\Computer Graphics\\Project\\Final Project\\Object\\Farmhouse Maya 2016 Updated\\Farmhouse Texture.jpg' and 'C:\\Users\\Michael\\Documents\\College\\Even Semester 2017\\Computer Graphics\\Project\\Final Project\\Object\\Farmhouse Maya 2016 Updated\\Farmhouse Texture.jpg' are the same file
			WARNING: Material has un-assigned image texture:  "Bump" ignored
		num positions      :  678
		num normals        :  678
		num uvs            :  1356
		num uvs2           :  0
		num colors         :  0
		num indices        :  1002
	processing begun of camera (FreeCamera):  Camera
	processing begun of light (POINT):  Lamp
========= Writing of scene file started =========
========= Writing of scene file completed =========
========= end of processing =========
elapsed time:  0 min, 0.056 secs
