	Exporter version: 4.6.1, Blender version: 2.78 (sub 0)
========= Conversion from Blender to Babylon.js =========
	Scene settings used:
		selected layers only:  false
		flat shading entire scene:  false
		inline textures:  false
		texture directory:  C:\Users\ASUS X450J\Documents\BINUSIAN2019 - CS\CS Binus University International\Semester 4\Computer Graphics\Final Project\Object\Terrain\
	Python World class constructor completed
	processing begun of mesh:  Grid
		processing begun of Standard material:  Mountain
			Diffuse texture found "Texture"
				Image texture found, type:  diffuseTexture, mapped using: "UVMap"
	WARNING: Error encountered processing image file:  , Error:  'C:\\Users\\ASUS X450J\\Documents\\BINUSIAN2019 - CS\\CS Binus University International\\Semester 4\\Computer Graphics\\Final Project\\Object\\Terrain\\mountain.jpg' and 'C:\\Users\\ASUS X450J\\Documents\\BINUSIAN2019 - CS\\CS Binus University International\\Semester 4\\Computer Graphics\\Final Project\\Object\\Terrain\\mountain.jpg' are the same file
		processing begun of Standard material:  Ground
			Diffuse texture found "Texture.001"
				Image texture found, type:  diffuseTexture, mapped using: "UVMap"
	WARNING: Error encountered processing image file:  , Error:  'C:\\Users\\ASUS X450J\\Documents\\BINUSIAN2019 - CS\\CS Binus University International\\Semester 4\\Computer Graphics\\Final Project\\Object\\Terrain\\ground.jpg' and 'C:\\Users\\ASUS X450J\\Documents\\BINUSIAN2019 - CS\\CS Binus University International\\Semester 4\\Computer Graphics\\Final Project\\Object\\Terrain\\ground.jpg' are the same file
		processing begun of Standard material:  Jungle
			Diffuse texture found "Texture.002"
				Image texture found, type:  diffuseTexture, mapped using: "UVMap"
	WARNING: Error encountered processing image file:  , Error:  'C:\\Users\\ASUS X450J\\Documents\\BINUSIAN2019 - CS\\CS Binus University International\\Semester 4\\Computer Graphics\\Final Project\\Object\\Terrain\\jungle-terrain.jpg' and 'C:\\Users\\ASUS X450J\\Documents\\BINUSIAN2019 - CS\\CS Binus University International\\Semester 4\\Computer Graphics\\Final Project\\Object\\Terrain\\jungle-terrain.jpg' are the same file
		processing begun of multimaterial:  terrain2_texture.Multimaterial#0
		num positions      :  8660
		num normals        :  8660
		num uvs            :  17320
		num uvs2           :  0
		num colors         :  0
		num indices        :  31104
	processing begun of camera (FreeCamera):  Camera
	processing begun of light (POINT):  Lamp
========= Writing of scene file started =========
========= Writing of scene file completed =========
========= end of processing =========
elapsed time:  0 min, 1.0273 secs
