	Exporter version: 4.6.1, Blender version: 2.78 (sub 0)
========= Conversion from Blender to Babylon.js =========
	Scene settings used:
		selected layers only:  false
		flat shading entire scene:  false
		inline textures:  false
		texture directory:  D:\BINUS International - Project\Semester 4\Computer Graphics\L4BC-Group-4\Final Project\Object\Ammunition\
	Python World class constructor completed
	processing begun of mesh:  Cylinder028
		processing begun of Standard material:  wire_088144225
		processing begun of Standard material:  wire_198225087
		processing begun of multimaterial:  ammunition.Multimaterial#0
		num positions      :  3511
		num normals        :  3511
		num uvs            :  7022
		num uvs2           :  0
		num colors         :  0
		num indices        :  10536
	processing begun of camera (FreeCamera):  Camera
	processing begun of light (POINT):  Lamp
========= Writing of scene file started =========
========= Writing of scene file completed =========
========= end of processing =========
elapsed time:  0 min, 0.7801 secs
